<?xml version="1.0" encoding="UTF-8" ?>
<testsuite tests="3" failures="0" name="com.ecomm.test.UserDAOTestCase" time="0.439" errors="0" skipped="2">
  <properties>
[...]
</properties>
  <testcase classname="com.ecomm.test.UserDAOTestCase" name="updateUserTest" time="0.212">
    <skipped/>
    <system-out>Data source object is created
Session Factory source object is created
Transaction Object is created
</system-out>
    <system-err>Jan 07, 2019 1:47:44 PM org.springframework.context.support.AbstractApplicationContext prepareRefresh
INFO: Refreshing org.springframework.context.annotation.AnnotationConfigApplicationContext@7068f7ca: startup date [Mon Jan 07 13:47:44 IST 2019]; root of context hierarchy
Jan 07, 2019 1:47:44 PM org.springframework.jdbc.datasource.DriverManagerDataSource setDriverClassName
INFO: Loaded JDBC driver: org.h2.Driver
Jan 07, 2019 1:47:44 PM org.hibernate.dialect.Dialect &lt;init&gt;
INFO: HHH000400: Using dialect: org.hibernate.dialect.H2Dialect
Jan 07, 2019 1:47:44 PM org.springframework.orm.hibernate5.HibernateTransactionManager afterPropertiesSet
INFO: Using DataSource [org.springframework.jdbc.datasource.DriverManagerDataSource@7a24eb3] of Hibernate SessionFactory for HibernateTransactionManager
</system-err>
  </testcase>
  <testcase classname="com.ecomm.test.UserDAOTestCase" name="getUserTest" time="0.216">
    <skipped/>
  </testcase>
  <testcase classname="com.ecomm.test.UserDAOTestCase" name="registerUserTestCase" time="0.011"/>
</testsuite>